<?xml version="1.0" encoding="UTF-8"?>
<!-- Generated by org.testng.reporters.JUnitXMLReporter -->
<testsuite ignored="0" hostname="LIN-5CD5324YZJ" failures="0" tests="4" name="Smoke" time="0.016" errors="0" timestamp="2025-11-12T16:25:56 IST">
  <testcase classname="testNg.TestNgEx3" name="f" time="0.001"/>
  <testcase classname="testNg.TestNgEx3" name="f" time="0.001"/>
  <testcase classname="testNg.TestNgEx3" name="f" time="0.001"/>
  <testcase classname="testNg.TestNgEx2" name="f" time="0.001"/>
</testsuite> <!-- Smoke -->
