<?xml version="1.0" encoding="UTF-8"?>
<!-- Generated by org.testng.reporters.JUnitXMLReporter -->
<testsuite ignored="0" hostname="LIN-5CD5324YZJ" failures="1" tests="3" name="Test" time="0.088" errors="0" timestamp="2025-11-14T15:45:49 IST">
  <testcase classname="testNg.TestNgRetryEx" name="login" time="0.023">
    <skipped/>
  </testcase> <!-- login -->
  <testcase classname="testNg.TestNgRetryEx" name="login" time="0.001">
    <skipped/>
  </testcase> <!-- login -->
  <testcase classname="testNg.TestNgRetryEx" name="login" time="0.001">
    <failure type="java.lang.AssertionError" message="expected [true] but found [false]">
      <![CDATA[java.lang.AssertionError: expected [true] but found [false]
at testNg.TestNgRetryEx.login(TestNgRetryEx.java:10)
at java.base/java.util.ArrayList.forEach(ArrayList.java:1511)
... Removed 31 stack frames]]>
    </failure>
  </testcase> <!-- login -->
</testsuite> <!-- Test -->
