<?xml version="1.0" encoding="UTF-8"?>
<!-- Generated by org.testng.reporters.JUnitXMLReporter -->
<testsuite ignored="0" hostname="LIN-5CD5324YZJ" failures="0" tests="4" name="Sanity" time="0.062" errors="0" timestamp="2025-11-17T10:34:00 IST">
  <testcase classname="testNg.TestNgEx3" name="f" time="0.002"/>
  <testcase classname="testNg.TestNgEx3" name="f" time="0.0"/>
  <testcase classname="testNg.TestNgEx3" name="f" time="0.001"/>
  <testcase classname="testNg.TestNgEx2" name="f" time="0.001"/>
</testsuite> <!-- Sanity -->
