<?xml version="1.0" encoding="UTF-8"?>
<!-- Generated by org.testng.reporters.JUnitXMLReporter -->
<testsuite ignored="3" hostname="LIN-5CD5324YZJ" failures="1" tests="1" name="Test(failed)" time="0.094" errors="0" timestamp="2025-11-14T10:50:10 IST">
  <testcase classname="testNg.TestNgEx8" name="m4" time="0.025">
    <failure type="java.lang.AssertionError" message="expected [false] but found [true]">
      <![CDATA[java.lang.AssertionError: expected [false] but found [true]
at testNg.TestNgEx8.m4(TestNgEx8.java:33)
at java.base/java.util.concurrent.Executors$RunnableAdapter.call(Executors.java:539)
at java.base/java.util.concurrent.FutureTask.run(FutureTask.java:264)
at java.base/java.util.concurrent.ThreadPoolExecutor.runWorker(ThreadPoolExecutor.java:1136)
at java.base/java.util.concurrent.ThreadPoolExecutor$Worker.run(ThreadPoolExecutor.java:635)
at java.base/java.lang.Thread.run(Thread.java:840)
... Removed 17 stack frames]]>
    </failure>
  </testcase> <!-- m4 -->
  <testcase classname="testNg.TestNgEx8" name="m3" time="0.0">
    <ignored/>
  </testcase> <!-- m3 -->
  <testcase classname="testNg.TestNgEx8" name="m2" time="0.0">
    <ignored/>
  </testcase> <!-- m2 -->
  <testcase classname="testNg.TestNgEx8" name="m1" time="0.0">
    <ignored/>
  </testcase> <!-- m1 -->
</testsuite> <!-- Test(failed) -->
