<?xml version="1.0" encoding="UTF-8"?>
<testng-results ignored="0" total="8" passed="8" failed="0" skipped="0">
  <reporter-output>
  </reporter-output>
  <suite started-at="2025-11-17T10:34:00 IST" name="Suite" finished-at="2025-11-17T10:34:00 IST" duration-ms="138">
    <groups>
    </groups>
    <test started-at="2025-11-17T10:34:00 IST" name="Sanity" finished-at="2025-11-17T10:34:00 IST" duration-ms="62">
      <class name="testNg.TestNgEx2">
        <test-method signature="f()[pri:0, instance:testNg.TestNgEx2@1750fbeb]" started-at="2025-11-17T10:34:00 IST" name="f" finished-at="2025-11-17T10:34:00 IST" duration-ms="1" status="PASS">
          <reporter-output>
          </reporter-output>
        </test-method> <!-- f -->
      </class> <!-- testNg.TestNgEx2 -->
      <class name="testNg.TestNgEx3">
        <test-method is-config="true" signature="beforeTest()[pri:0, instance:testNg.TestNgEx3@5386659f]" started-at="2025-11-17T10:34:00 IST" name="beforeTest" finished-at="2025-11-17T10:34:00 IST" duration-ms="0" status="PASS">
          <reporter-output>
          </reporter-output>
        </test-method> <!-- beforeTest -->
        <test-method is-config="true" signature="beforeClass()[pri:0, instance:testNg.TestNgEx3@5386659f]" started-at="2025-11-17T10:34:00 IST" name="beforeClass" finished-at="2025-11-17T10:34:00 IST" duration-ms="0" status="PASS">
          <reporter-output>
          </reporter-output>
        </test-method> <!-- beforeClass -->
        <test-method is-config="true" signature="beforeMethod()[pri:0, instance:testNg.TestNgEx3@5386659f]" started-at="2025-11-17T10:34:00 IST" name="beforeMethod" finished-at="2025-11-17T10:34:00 IST" duration-ms="1" status="PASS">
          <reporter-output>
          </reporter-output>
        </test-method> <!-- beforeMethod -->
        <test-method signature="f(java.lang.Integer,java.lang.String)[pri:0, instance:testNg.TestNgEx3@5386659f]" started-at="2025-11-17T10:34:00 IST" name="f" data-provider="dp" finished-at="2025-11-17T10:34:00 IST" duration-ms="2" status="PASS">
          <params>
            <param index="0">
              <value>
                <![CDATA[1]]>
              </value>
            </param>
            <param index="1">
              <value>
                <![CDATA[a]]>
              </value>
            </param>
          </params>
          <reporter-output>
          </reporter-output>
        </test-method> <!-- f -->
        <test-method is-config="true" signature="afterMethod()[pri:0, instance:testNg.TestNgEx3@5386659f]" started-at="2025-11-17T10:34:00 IST" name="afterMethod" finished-at="2025-11-17T10:34:00 IST" duration-ms="1" status="PASS">
          <reporter-output>
          </reporter-output>
        </test-method> <!-- afterMethod -->
        <test-method is-config="true" signature="beforeMethod()[pri:0, instance:testNg.TestNgEx3@5386659f]" started-at="2025-11-17T10:34:00 IST" name="beforeMethod" finished-at="2025-11-17T10:34:00 IST" duration-ms="1" status="PASS">
          <reporter-output>
          </reporter-output>
        </test-method> <!-- beforeMethod -->
        <test-method signature="f(java.lang.Integer,java.lang.String)[pri:0, instance:testNg.TestNgEx3@5386659f]" started-at="2025-11-17T10:34:00 IST" name="f" data-provider="dp" finished-at="2025-11-17T10:34:00 IST" duration-ms="0" status="PASS">
          <params>
            <param index="0">
              <value>
                <![CDATA[2]]>
              </value>
            </param>
            <param index="1">
              <value>
                <![CDATA[b]]>
              </value>
            </param>
          </params>
          <reporter-output>
          </reporter-output>
        </test-method> <!-- f -->
        <test-method is-config="true" signature="afterMethod()[pri:0, instance:testNg.TestNgEx3@5386659f]" started-at="2025-11-17T10:34:00 IST" name="afterMethod" finished-at="2025-11-17T10:34:00 IST" duration-ms="0" status="PASS">
          <reporter-output>
          </reporter-output>
        </test-method> <!-- afterMethod -->
        <test-method signature="f(java.lang.Integer,java.lang.String)[pri:0, instance:testNg.TestNgEx3@5386659f]" started-at="2025-11-17T10:34:00 IST" name="f" data-provider="dp" finished-at="2025-11-17T10:34:00 IST" duration-ms="1" status="PASS">
          <params>
            <param index="0">
              <value>
                <![CDATA[3]]>
              </value>
            </param>
            <param index="1">
              <value>
                <![CDATA[C]]>
              </value>
            </param>
          </params>
          <reporter-output>
          </reporter-output>
        </test-method> <!-- f -->
        <test-method is-config="true" signature="beforeMethod()[pri:0, instance:testNg.TestNgEx3@5386659f]" started-at="2025-11-17T10:34:00 IST" name="beforeMethod" finished-at="2025-11-17T10:34:00 IST" duration-ms="0" status="PASS">
          <reporter-output>
          </reporter-output>
        </test-method> <!-- beforeMethod -->
        <test-method is-config="true" signature="afterMethod()[pri:0, instance:testNg.TestNgEx3@5386659f]" started-at="2025-11-17T10:34:00 IST" name="afterMethod" finished-at="2025-11-17T10:34:00 IST" duration-ms="0" status="PASS">
          <reporter-output>
          </reporter-output>
        </test-method> <!-- afterMethod -->
        <test-method is-config="true" signature="afterClass()[pri:0, instance:testNg.TestNgEx3@5386659f]" started-at="2025-11-17T10:34:00 IST" name="afterClass" finished-at="2025-11-17T10:34:00 IST" duration-ms="1" status="PASS">
          <reporter-output>
          </reporter-output>
        </test-method> <!-- afterClass -->
        <test-method is-config="true" signature="afterTest()[pri:0, instance:testNg.TestNgEx3@5386659f]" started-at="2025-11-17T10:34:00 IST" name="afterTest" finished-at="2025-11-17T10:34:00 IST" duration-ms="0" status="PASS">
          <reporter-output>
          </reporter-output>
        </test-method> <!-- afterTest -->
      </class> <!-- testNg.TestNgEx3 -->
    </test> <!-- Sanity -->
    <test started-at="2025-11-17T10:34:00 IST" name="Smoke" finished-at="2025-11-17T10:34:00 IST" duration-ms="10">
      <class name="testNg.TestNgEx2">
        <test-method signature="f()[pri:0, instance:testNg.TestNgEx2@6f53b8a]" started-at="2025-11-17T10:34:00 IST" name="f" finished-at="2025-11-17T10:34:00 IST" duration-ms="0" status="PASS">
          <reporter-output>
          </reporter-output>
        </test-method> <!-- f -->
      </class> <!-- testNg.TestNgEx2 -->
      <class name="testNg.TestNgEx3">
        <test-method is-config="true" signature="beforeSuite()[pri:0, instance:testNg.TestNgEx3@4d1bf319]" started-at="2025-11-17T10:34:00 IST" name="beforeSuite" finished-at="2025-11-17T10:34:00 IST" duration-ms="15" status="PASS">
          <reporter-output>
          </reporter-output>
        </test-method> <!-- beforeSuite -->
        <test-method is-config="true" signature="beforeTest()[pri:0, instance:testNg.TestNgEx3@4d1bf319]" started-at="2025-11-17T10:34:00 IST" name="beforeTest" finished-at="2025-11-17T10:34:00 IST" duration-ms="1" status="PASS">
          <reporter-output>
          </reporter-output>
        </test-method> <!-- beforeTest -->
        <test-method is-config="true" signature="beforeClass()[pri:0, instance:testNg.TestNgEx3@4d1bf319]" started-at="2025-11-17T10:34:00 IST" name="beforeClass" finished-at="2025-11-17T10:34:00 IST" duration-ms="0" status="PASS">
          <reporter-output>
          </reporter-output>
        </test-method> <!-- beforeClass -->
        <test-method is-config="true" signature="beforeMethod()[pri:0, instance:testNg.TestNgEx3@4d1bf319]" started-at="2025-11-17T10:34:00 IST" name="beforeMethod" finished-at="2025-11-17T10:34:00 IST" duration-ms="1" status="PASS">
          <reporter-output>
          </reporter-output>
        </test-method> <!-- beforeMethod -->
        <test-method signature="f(java.lang.Integer,java.lang.String)[pri:0, instance:testNg.TestNgEx3@4d1bf319]" started-at="2025-11-17T10:34:00 IST" name="f" data-provider="dp" finished-at="2025-11-17T10:34:00 IST" duration-ms="0" status="PASS">
          <params>
            <param index="0">
              <value>
                <![CDATA[1]]>
              </value>
            </param>
            <param index="1">
              <value>
                <![CDATA[a]]>
              </value>
            </param>
          </params>
          <reporter-output>
          </reporter-output>
        </test-method> <!-- f -->
        <test-method is-config="true" signature="afterMethod()[pri:0, instance:testNg.TestNgEx3@4d1bf319]" started-at="2025-11-17T10:34:00 IST" name="afterMethod" finished-at="2025-11-17T10:34:00 IST" duration-ms="1" status="PASS">
          <reporter-output>
          </reporter-output>
        </test-method> <!-- afterMethod -->
        <test-method is-config="true" signature="beforeMethod()[pri:0, instance:testNg.TestNgEx3@4d1bf319]" started-at="2025-11-17T10:34:00 IST" name="beforeMethod" finished-at="2025-11-17T10:34:00 IST" duration-ms="0" status="PASS">
          <reporter-output>
          </reporter-output>
        </test-method> <!-- beforeMethod -->
        <test-method signature="f(java.lang.Integer,java.lang.String)[pri:0, instance:testNg.TestNgEx3@4d1bf319]" started-at="2025-11-17T10:34:00 IST" name="f" data-provider="dp" finished-at="2025-11-17T10:34:00 IST" duration-ms="0" status="PASS">
          <params>
            <param index="0">
              <value>
                <![CDATA[2]]>
              </value>
            </param>
            <param index="1">
              <value>
                <![CDATA[b]]>
              </value>
            </param>
          </params>
          <reporter-output>
          </reporter-output>
        </test-method> <!-- f -->
        <test-method is-config="true" signature="afterMethod()[pri:0, instance:testNg.TestNgEx3@4d1bf319]" started-at="2025-11-17T10:34:00 IST" name="afterMethod" finished-at="2025-11-17T10:34:00 IST" duration-ms="1" status="PASS">
          <reporter-output>
          </reporter-output>
        </test-method> <!-- afterMethod -->
        <test-method signature="f(java.lang.Integer,java.lang.String)[pri:0, instance:testNg.TestNgEx3@4d1bf319]" started-at="2025-11-17T10:34:00 IST" name="f" data-provider="dp" finished-at="2025-11-17T10:34:00 IST" duration-ms="1" status="PASS">
          <params>
            <param index="0">
              <value>
                <![CDATA[3]]>
              </value>
            </param>
            <param index="1">
              <value>
                <![CDATA[C]]>
              </value>
            </param>
          </params>
          <reporter-output>
          </reporter-output>
        </test-method> <!-- f -->
        <test-method is-config="true" signature="beforeMethod()[pri:0, instance:testNg.TestNgEx3@4d1bf319]" started-at="2025-11-17T10:34:00 IST" name="beforeMethod" finished-at="2025-11-17T10:34:00 IST" duration-ms="0" status="PASS">
          <reporter-output>
          </reporter-output>
        </test-method> <!-- beforeMethod -->
        <test-method is-config="true" signature="afterMethod()[pri:0, instance:testNg.TestNgEx3@4d1bf319]" started-at="2025-11-17T10:34:00 IST" name="afterMethod" finished-at="2025-11-17T10:34:00 IST" duration-ms="0" status="PASS">
          <reporter-output>
          </reporter-output>
        </test-method> <!-- afterMethod -->
        <test-method is-config="true" signature="afterClass()[pri:0, instance:testNg.TestNgEx3@4d1bf319]" started-at="2025-11-17T10:34:00 IST" name="afterClass" finished-at="2025-11-17T10:34:00 IST" duration-ms="0" status="PASS">
          <reporter-output>
          </reporter-output>
        </test-method> <!-- afterClass -->
        <test-method is-config="true" signature="afterTest()[pri:0, instance:testNg.TestNgEx3@4d1bf319]" started-at="2025-11-17T10:34:00 IST" name="afterTest" finished-at="2025-11-17T10:34:00 IST" duration-ms="0" status="PASS">
          <reporter-output>
          </reporter-output>
        </test-method> <!-- afterTest -->
        <test-method is-config="true" signature="afterSuite()[pri:0, instance:testNg.TestNgEx3@4d1bf319]" started-at="2025-11-17T10:34:00 IST" name="afterSuite" finished-at="2025-11-17T10:34:00 IST" duration-ms="1" status="PASS">
          <reporter-output>
          </reporter-output>
        </test-method> <!-- afterSuite -->
      </class> <!-- testNg.TestNgEx3 -->
    </test> <!-- Smoke -->
  </suite> <!-- Suite -->
</testng-results>
