<?xml version="1.0" encoding="UTF-8"?>
<testng-results ignored="0" total="5" passed="5" failed="0" skipped="0">
  <reporter-output>
  </reporter-output>
  <suite started-at="2025-11-17T11:25:29 IST" name="Suite" finished-at="2025-11-17T11:25:38 IST" duration-ms="8739">
    <groups>
    </groups>
    <test started-at="2025-11-17T11:25:29 IST" name="Sanity" finished-at="2025-11-17T11:25:38 IST" duration-ms="8739">
      <class name="testNg.TestNgEx2">
        <test-method signature="f()[pri:0, instance:testNg.TestNgEx2@231f98ef]" started-at="2025-11-17T11:25:29 IST" name="f" finished-at="2025-11-17T11:25:29 IST" duration-ms="0" status="PASS">
          <reporter-output>
          </reporter-output>
        </test-method> <!-- f -->
      </class> <!-- testNg.TestNgEx2 -->
      <class name="extentReport.ReportEx2">
        <test-method signature="report()[pri:0, instance:extentReport.ReportEx2@7c137fd5]" started-at="2025-11-17T11:25:29 IST" name="report" finished-at="2025-11-17T11:25:38 IST" duration-ms="8665" status="PASS">
          <reporter-output>
          </reporter-output>
        </test-method> <!-- report -->
      </class> <!-- extentReport.ReportEx2 -->
      <class name="testNg.TestNgEx3">
        <test-method is-config="true" signature="beforeSuite()[pri:0, instance:testNg.TestNgEx3@6e9a5ed8]" started-at="2025-11-17T11:25:29 IST" name="beforeSuite" finished-at="2025-11-17T11:25:29 IST" duration-ms="14" status="PASS">
          <reporter-output>
          </reporter-output>
        </test-method> <!-- beforeSuite -->
        <test-method is-config="true" signature="beforeTest()[pri:0, instance:testNg.TestNgEx3@6e9a5ed8]" started-at="2025-11-17T11:25:29 IST" name="beforeTest" finished-at="2025-11-17T11:25:29 IST" duration-ms="0" status="PASS">
          <reporter-output>
          </reporter-output>
        </test-method> <!-- beforeTest -->
        <test-method is-config="true" signature="beforeClass()[pri:0, instance:testNg.TestNgEx3@6e9a5ed8]" started-at="2025-11-17T11:25:29 IST" name="beforeClass" finished-at="2025-11-17T11:25:29 IST" duration-ms="0" status="PASS">
          <reporter-output>
          </reporter-output>
        </test-method> <!-- beforeClass -->
        <test-method is-config="true" signature="beforeMethod()[pri:0, instance:testNg.TestNgEx3@6e9a5ed8]" started-at="2025-11-17T11:25:29 IST" name="beforeMethod" finished-at="2025-11-17T11:25:29 IST" duration-ms="0" status="PASS">
          <reporter-output>
          </reporter-output>
        </test-method> <!-- beforeMethod -->
        <test-method signature="f(java.lang.Integer,java.lang.String)[pri:0, instance:testNg.TestNgEx3@6e9a5ed8]" started-at="2025-11-17T11:25:29 IST" name="f" data-provider="dp" finished-at="2025-11-17T11:25:29 IST" duration-ms="3" status="PASS">
          <params>
            <param index="0">
              <value>
                <![CDATA[1]]>
              </value>
            </param>
            <param index="1">
              <value>
                <![CDATA[a]]>
              </value>
            </param>
          </params>
          <reporter-output>
          </reporter-output>
        </test-method> <!-- f -->
        <test-method is-config="true" signature="afterMethod()[pri:0, instance:testNg.TestNgEx3@6e9a5ed8]" started-at="2025-11-17T11:25:29 IST" name="afterMethod" finished-at="2025-11-17T11:25:29 IST" duration-ms="0" status="PASS">
          <reporter-output>
          </reporter-output>
        </test-method> <!-- afterMethod -->
        <test-method is-config="true" signature="beforeMethod()[pri:0, instance:testNg.TestNgEx3@6e9a5ed8]" started-at="2025-11-17T11:25:29 IST" name="beforeMethod" finished-at="2025-11-17T11:25:29 IST" duration-ms="1" status="PASS">
          <reporter-output>
          </reporter-output>
        </test-method> <!-- beforeMethod -->
        <test-method signature="f(java.lang.Integer,java.lang.String)[pri:0, instance:testNg.TestNgEx3@6e9a5ed8]" started-at="2025-11-17T11:25:29 IST" name="f" data-provider="dp" finished-at="2025-11-17T11:25:29 IST" duration-ms="0" status="PASS">
          <params>
            <param index="0">
              <value>
                <![CDATA[2]]>
              </value>
            </param>
            <param index="1">
              <value>
                <![CDATA[b]]>
              </value>
            </param>
          </params>
          <reporter-output>
          </reporter-output>
        </test-method> <!-- f -->
        <test-method is-config="true" signature="afterMethod()[pri:0, instance:testNg.TestNgEx3@6e9a5ed8]" started-at="2025-11-17T11:25:29 IST" name="afterMethod" finished-at="2025-11-17T11:25:29 IST" duration-ms="0" status="PASS">
          <reporter-output>
          </reporter-output>
        </test-method> <!-- afterMethod -->
        <test-method signature="f(java.lang.Integer,java.lang.String)[pri:0, instance:testNg.TestNgEx3@6e9a5ed8]" started-at="2025-11-17T11:25:29 IST" name="f" data-provider="dp" finished-at="2025-11-17T11:25:29 IST" duration-ms="1" status="PASS">
          <params>
            <param index="0">
              <value>
                <![CDATA[3]]>
              </value>
            </param>
            <param index="1">
              <value>
                <![CDATA[C]]>
              </value>
            </param>
          </params>
          <reporter-output>
          </reporter-output>
        </test-method> <!-- f -->
        <test-method is-config="true" signature="beforeMethod()[pri:0, instance:testNg.TestNgEx3@6e9a5ed8]" started-at="2025-11-17T11:25:29 IST" name="beforeMethod" finished-at="2025-11-17T11:25:29 IST" duration-ms="0" status="PASS">
          <reporter-output>
          </reporter-output>
        </test-method> <!-- beforeMethod -->
        <test-method is-config="true" signature="afterMethod()[pri:0, instance:testNg.TestNgEx3@6e9a5ed8]" started-at="2025-11-17T11:25:29 IST" name="afterMethod" finished-at="2025-11-17T11:25:29 IST" duration-ms="0" status="PASS">
          <reporter-output>
          </reporter-output>
        </test-method> <!-- afterMethod -->
        <test-method is-config="true" signature="afterClass()[pri:0, instance:testNg.TestNgEx3@6e9a5ed8]" started-at="2025-11-17T11:25:29 IST" name="afterClass" finished-at="2025-11-17T11:25:29 IST" duration-ms="0" status="PASS">
          <reporter-output>
          </reporter-output>
        </test-method> <!-- afterClass -->
        <test-method is-config="true" signature="afterTest()[pri:0, instance:testNg.TestNgEx3@6e9a5ed8]" started-at="2025-11-17T11:25:38 IST" name="afterTest" finished-at="2025-11-17T11:25:38 IST" duration-ms="1" status="PASS">
          <reporter-output>
          </reporter-output>
        </test-method> <!-- afterTest -->
        <test-method is-config="true" signature="afterSuite()[pri:0, instance:testNg.TestNgEx3@6e9a5ed8]" started-at="2025-11-17T11:25:38 IST" name="afterSuite" finished-at="2025-11-17T11:25:38 IST" duration-ms="0" status="PASS">
          <reporter-output>
          </reporter-output>
        </test-method> <!-- afterSuite -->
      </class> <!-- testNg.TestNgEx3 -->
    </test> <!-- Sanity -->
  </suite> <!-- Suite -->
</testng-results>
