<?xml version="1.0" encoding="UTF-8"?>
<testng-results ignored="0" total="1" passed="1" failed="0" skipped="0">
  <reporter-output>
  </reporter-output>
  <suite started-at="2025-11-17T11:25:08 IST" name="Default suite" finished-at="2025-11-17T11:25:16 IST" duration-ms="8572">
    <groups>
    </groups>
    <test started-at="2025-11-17T11:25:08 IST" name="Default test" finished-at="2025-11-17T11:25:16 IST" duration-ms="8572">
      <class name="extentReport.ReportEx2">
        <test-method signature="report()[pri:0, instance:extentReport.ReportEx2@cc43f62]" started-at="2025-11-17T11:25:08 IST" name="report" finished-at="2025-11-17T11:25:16 IST" duration-ms="8516" status="PASS">
          <reporter-output>
          </reporter-output>
        </test-method> <!-- report -->
      </class> <!-- extentReport.ReportEx2 -->
    </test> <!-- Default test -->
  </suite> <!-- Default suite -->
</testng-results>
