<?xml version="1.0" encoding="UTF-8"?>
<!-- Generated by org.testng.reporters.JUnitReportReporter -->
<testsuite hostname="LIN-5CD5324YZJ" failures="0" tests="6" name="testNg.Test5" time="0.016" errors="0" timestamp="2025-11-12T17:50:16 IST" skipped="0">
  <testcase classname="testNg.Test5" name="payment" time="0.002"/>
  <testcase classname="testNg.Test5" name="login" time="0.010"/>
  <testcase classname="testNg.Test5" name="payment" time="0.001"/>
  <testcase classname="testNg.Test5" name="payment" time="0.001"/>
  <testcase classname="testNg.Test5" name="payment" time="0.001"/>
  <testcase classname="testNg.Test5" name="payment" time="0.001"/>
</testsuite> <!-- testNg.Test5 -->
