<?xml version="1.0" encoding="UTF-8"?>
<!-- Generated by org.testng.reporters.JUnitReportReporter -->
<testsuite hostname="LIN-5CD5324YZJ" failures="0" tests="3" name="testNg.ExcelDataRetrive" time="0.008" errors="0" timestamp="2025-11-14T11:34:37 IST" skipped="0">
  <testcase classname="testNg.ExcelDataRetrive" name="login" time="0.001"/>
  <testcase classname="testNg.ExcelDataRetrive" name="login" time="0.006"/>
  <testcase classname="testNg.ExcelDataRetrive" name="login" time="0.001"/>
</testsuite> <!-- testNg.ExcelDataRetrive -->
