<?xml version="1.0" encoding="UTF-8"?>
<!-- Generated by org.testng.reporters.JUnitReportReporter -->
<testsuite hostname="LIN-5CD5324YZJ" failures="0" tests="1" name="testNg.TimeTestEx" time="2.035" errors="1" timestamp="2025-11-14T09:40:53 IST" skipped="0">
  <testcase classname="testNg.TimeTestEx" name="billingTest" time="2.035">
    <error message="Method testNg.TimeTestEx.billingTest() didn&#039;t finish within the time-out 2000" type="org.testng.internal.thread.ThreadTimeoutException">
      <![CDATA[org.testng.internal.thread.ThreadTimeoutException: Method testNg.TimeTestEx.billingTest() didn't finish within the time-out 2000
at java.base@17.0.16/java.lang.Thread.sleep(Native Method)
at app//testNg.TimeTestEx.billingTest(TimeTestEx.java:9)
at java.base@17.0.16/jdk.internal.reflect.NativeMethodAccessorImpl.invoke0(Native Method)
at java.base@17.0.16/jdk.internal.reflect.NativeMethodAccessorImpl.invoke(NativeMethodAccessorImpl.java:77)
at java.base@17.0.16/jdk.internal.reflect.DelegatingMethodAccessorImpl.invoke(DelegatingMethodAccessorImpl.java:43)
at java.base@17.0.16/java.lang.reflect.Method.invoke(Method.java:569)
at app//org.testng.internal.invokers.MethodInvocationHelper.invokeMethod(MethodInvocationHelper.java:141)
at app//org.testng.internal.invokers.InvokeMethodRunnable.runOne(InvokeMethodRunnable.java:47)
at app//org.testng.internal.invokers.InvokeMethodRunnable.call(InvokeMethodRunnable.java:76)
at app//org.testng.internal.invokers.InvokeMethodRunnable.call(InvokeMethodRunnable.java:11)
at java.base@17.0.16/java.util.concurrent.FutureTask.run(FutureTask.java:264)
at java.base@17.0.16/java.util.concurrent.ThreadPoolExecutor.runWorker(ThreadPoolExecutor.java:1136)
at java.base@17.0.16/java.util.concurrent.ThreadPoolExecutor$Worker.run(ThreadPoolExecutor.java:635)
at java.base@17.0.16/java.lang.Thread.run(Thread.java:840)
]]>
    </error>
  </testcase> <!-- billingTest -->
</testsuite> <!-- testNg.TimeTestEx -->
