<?xml version="1.0" encoding="UTF-8"?>
<!-- Generated by org.testng.reporters.JUnitReportReporter -->
<testsuite hostname="LIN-5CD5324YZJ" failures="0" tests="3" name="testNg.TestDataPro" time="0.013" errors="0" timestamp="2025-11-14T11:04:27 IST" skipped="0">
  <testcase classname="testNg.TestDataPro" name="login" time="0.002"/>
  <testcase classname="testNg.TestDataPro" name="login" time="0.009"/>
  <testcase classname="testNg.TestDataPro" name="login" time="0.002"/>
</testsuite> <!-- testNg.TestDataPro -->
