<?xml version="1.0" encoding="UTF-8"?>
<!-- Generated by org.testng.reporters.JUnitReportReporter -->
<testsuite hostname="LIN-5CD5324YZJ" failures="0" tests="6" name="testNg.TestNgEx3" time="0.010" errors="0" timestamp="2025-11-17T10:34:00 IST" skipped="0">
  <testcase classname="testNg.TestNgEx3" name="f" time="0.001"/>
  <testcase classname="testNg.TestNgEx3" name="f" time="0.002"/>
  <testcase classname="testNg.TestNgEx3" name="f" time="0.002"/>
  <testcase classname="testNg.TestNgEx3" name="f" time="0.001"/>
  <testcase classname="testNg.TestNgEx3" name="f" time="0.001"/>
  <testcase classname="testNg.TestNgEx3" name="f" time="0.003"/>
</testsuite> <!-- testNg.TestNgEx3 -->
